<?xml version="1.0" encoding="UTF-8"?>
<!-- Generated by org.testng.reporters.JUnitReportReporter -->
<testsuite hostname="PROBOOK" failures="0" tests="1" name="lesson8.testclass" time="4.634" errors="0" timestamp="2024-06-04T21:07:48 EET" skipped="0">
  <testcase classname="lesson8.testclass" name="myfirstTest" time="4.634"/>
  <system-out/>
</testsuite> <!-- lesson8.testclass -->
